2020-10-29 16:51:52 - Method: GET - Status: 404 - Error: Task Not Found! - boardId: 5f9aacd7495a77206c543366 | taskId: 5f9aacd7495a77206c54336a, Url: /boards/5f9aacd7495a77206c543366/tasks/5f9aacd7495a77206c54336a

2020-10-29 16:51:53 - Method: GET - Status: 404 - Error: Board Not Found! - id: 5f9aacd8495a77206c543377, Url: /boards/5f9aacd8495a77206c543377

2020-10-29 16:51:53 - Method: GET - Status: 404 - Error: Task Not Found! - boardId: 5f9aacd9495a77206c54337b | taskId: 5f9aacd9495a77206c54337e, Url: /boards/5f9aacd9495a77206c54337b/tasks/5f9aacd9495a77206c54337e

2020-10-29 16:51:53 - Method: GET - Status: 404 - Error: Task Not Found! - boardId: 5f9aacd9495a77206c54337b | taskId: 5f9aacd9495a77206c54337f, Url: /boards/5f9aacd9495a77206c54337b/tasks/5f9aacd9495a77206c54337f

2020-10-29 16:51:53 - Method: GET - Status: 404 - Error: Task Not Found! - boardId: 5f9aacd9495a77206c54337b | taskId: 5f9aacd9495a77206c543381, Url: /boards/5f9aacd9495a77206c54337b/tasks/5f9aacd9495a77206c543381

2020-10-29 16:51:53 - Method: GET - Status: 404 - Error: Task Not Found! - boardId: 5f9aacd9495a77206c54337b | taskId: 5f9aacd9495a77206c543380, Url: /boards/5f9aacd9495a77206c54337b/tasks/5f9aacd9495a77206c543380

2020-10-29 16:51:53 - Method: GET - Status: 404 - Error: Task Not Found! - boardId: 5f9aacd9495a77206c54337b | taskId: 5f9aacd9495a77206c543382, Url: /boards/5f9aacd9495a77206c54337b/tasks/5f9aacd9495a77206c543382

2020-10-29 16:52:05 - Method: GET - Status: 404 - Error: Task Not Found! - boardId: 5f9aace3495a77206c54338c | taskId: 5f9aace3495a77206c543390, Url: /boards/5f9aace3495a77206c54338c/tasks/5f9aace3495a77206c543390

2020-10-29 16:52:05 - Method: GET - Status: 404 - Error: Board Not Found! - id: 5f9aace5495a77206c54339d, Url: /boards/5f9aace5495a77206c54339d

2020-10-29 16:52:06 - Method: GET - Status: 404 - Error: Task Not Found! - boardId: 5f9aace5495a77206c5433a1 | taskId: 5f9aace5495a77206c5433a7, Url: /boards/5f9aace5495a77206c5433a1/tasks/5f9aace5495a77206c5433a7

2020-10-29 16:52:06 - Method: GET - Status: 404 - Error: Task Not Found! - boardId: 5f9aace5495a77206c5433a1 | taskId: 5f9aace5495a77206c5433a8, Url: /boards/5f9aace5495a77206c5433a1/tasks/5f9aace5495a77206c5433a8

2020-10-29 16:52:06 - Method: GET - Status: 404 - Error: Task Not Found! - boardId: 5f9aace5495a77206c5433a1 | taskId: 5f9aace5495a77206c5433a4, Url: /boards/5f9aace5495a77206c5433a1/tasks/5f9aace5495a77206c5433a4

2020-10-29 16:52:06 - Method: GET - Status: 404 - Error: Task Not Found! - boardId: 5f9aace5495a77206c5433a1 | taskId: 5f9aace5495a77206c5433a5, Url: /boards/5f9aace5495a77206c5433a1/tasks/5f9aace5495a77206c5433a5

2020-10-29 16:52:06 - Method: GET - Status: 404 - Error: Task Not Found! - boardId: 5f9aace5495a77206c5433a1 | taskId: 5f9aace5495a77206c5433a6, Url: /boards/5f9aace5495a77206c5433a1/tasks/5f9aace5495a77206c5433a6

2020-10-29 16:53:59 - uncaughtException: start is not defined
ReferenceError: start is not defined
    at Object.<anonymous> (D:\projects\RSSchool-Nodejs\task2-3-4\src\server.js:20:1)
    at Module._compile (internal/modules/cjs/loader.js:1201:30)
    at Object.Module._extensions..js (internal/modules/cjs/loader.js:1221:10)
    at Module.load (internal/modules/cjs/loader.js:1050:32)
    at Function.Module._load (internal/modules/cjs/loader.js:938:14)
    at Function.executeUserEntryPoint [as runMain] (internal/modules/run_main.js:71:12)
    at internal/main/run_main_module.js:17:47
2020-10-29 16:54:45 - UnhandledRejection: Error: data and salt arguments required
    at Object.hash (D:\projects\RSSchool-Nodejs\task2-3-4\node_modules\bcrypt\bcrypt.js:137:17)
    at D:\projects\RSSchool-Nodejs\task2-3-4\node_modules\bcrypt\promises.js:29:12
    at new Promise (<anonymous>)
    at Object.module.exports.promise (D:\projects\RSSchool-Nodejs\task2-3-4\node_modules\bcrypt\promises.js:20:12)
    at Object.hash (D:\projects\RSSchool-Nodejs\task2-3-4\node_modules\bcrypt\bcrypt.js:133:25)
    at Object.createUser (D:\projects\RSSchool-Nodejs\task2-3-4\src\resources\users\user.memory.repository.js:10:37)
    at Server.<anonymous> (D:\projects\RSSchool-Nodejs\task2-3-4\src\server.js:16:17)
    at Object.onceWrapper (events.js:420:28)
    at Server.emit (events.js:314:20)
    at emitListeningNT (net.js:1350:10)
    at processTicksAndRejections (internal/process/task_queues.js:79:21)
2020-10-29 17:05:39 - Method: GET - Status: 404 - Error: Task Not Found! - boardId: 5f9ab01195448347e87dbd29 | taskId: 5f9ab01195448347e87dbd30, Url: /boards/5f9ab01195448347e87dbd29/tasks/5f9ab01195448347e87dbd30

2020-10-29 17:05:39 - Method: GET - Status: 404 - Error: Board Not Found! - id: 5f9ab01395448347e87dbd3d, Url: /boards/5f9ab01395448347e87dbd3d

2020-10-29 17:05:40 - Method: GET - Status: 404 - Error: Task Not Found! - boardId: 5f9ab01395448347e87dbd41 | taskId: 5f9ab01395448347e87dbd44, Url: /boards/5f9ab01395448347e87dbd41/tasks/5f9ab01395448347e87dbd44

2020-10-29 17:05:40 - Method: GET - Status: 404 - Error: Task Not Found! - boardId: 5f9ab01395448347e87dbd41 | taskId: 5f9ab01395448347e87dbd46, Url: /boards/5f9ab01395448347e87dbd41/tasks/5f9ab01395448347e87dbd46

2020-10-29 17:05:40 - Method: GET - Status: 404 - Error: Task Not Found! - boardId: 5f9ab01395448347e87dbd41 | taskId: 5f9ab01395448347e87dbd48, Url: /boards/5f9ab01395448347e87dbd41/tasks/5f9ab01395448347e87dbd48

2020-10-29 17:05:40 - Method: GET - Status: 404 - Error: Task Not Found! - boardId: 5f9ab01395448347e87dbd41 | taskId: 5f9ab01395448347e87dbd47, Url: /boards/5f9ab01395448347e87dbd41/tasks/5f9ab01395448347e87dbd47

2020-10-29 17:05:40 - Method: GET - Status: 404 - Error: Task Not Found! - boardId: 5f9ab01395448347e87dbd41 | taskId: 5f9ab01395448347e87dbd45, Url: /boards/5f9ab01395448347e87dbd41/tasks/5f9ab01395448347e87dbd45

