2020-10-29 16:51:50 - Method: POST, URL: /login, Body:{"login":"admin","password":"admin"}, Params:{}

2020-10-29 16:51:50 - Method: POST, URL: /login, Body:{"login":"admin","password":"admin"}, Params:{}

2020-10-29 16:51:51 - Method: POST, URL: /login, Body:{"login":"admin","password":"admin"}, Params:{}

2020-10-29 16:51:51 - Method: GET, URL: /users, Body:{}, Params:{}

2020-10-29 16:51:51 - Method: POST, URL: /boards, Body:{"title":"Autotest board","columns":[{"title":"Backlog","order":1},{"title":"Sprint","order":2}]}, Params:{}

2020-10-29 16:51:51 - Method: POST, URL: /boards, Body:{"title":"Autotest board","columns":[{"title":"Backlog","order":1},{"title":"Sprint","order":2}]}, Params:{}

2020-10-29 16:51:51 - Method: GET, URL: /boards, Body:{}, Params:{}

2020-10-29 16:51:51 - Method: POST, URL: /users, Body:{"name":"TEST_USER","login":"test_user","password":"T35t_P@55w0rd"}, Params:{}

2020-10-29 16:51:51 - Method: POST, URL: /boards/5f9aacd7495a77206c543366/tasks, Body:{"title":"Autotest task","order":0,"description":"Lorem ipsum","userId":null,"boardId":null,"columnId":null}, Params:{"boardId":"5f9aacd7495a77206c543366"}

2020-10-29 16:51:51 - Method: GET, URL: /boards, Body:{}, Params:{}

2020-10-29 16:51:51 - Method: GET, URL: /users/5f9aacd7495a77206c543369, Body:{}, Params:{"id":"5f9aacd7495a77206c543369"}

2020-10-29 16:51:51 - Method: GET, URL: /boards/5f9aacd7495a77206c543366/tasks, Body:{}, Params:{"boardId":"5f9aacd7495a77206c543366"}

2020-10-29 16:51:51 - Method: GET, URL: /boards/5f9aa6ce13f45222bccc58cc, Body:{}, Params:{"id":"5f9aa6ce13f45222bccc58cc"}

2020-10-29 16:51:51 - Method: GET, URL: /boards/5f9aacd7495a77206c543366/tasks, Body:{}, Params:{"boardId":"5f9aacd7495a77206c543366"}

2020-10-29 16:51:51 - Method: DELETE, URL: /users/5f9aacd7495a77206c543369, Body:{}, Params:{"id":"5f9aacd7495a77206c543369"}

2020-10-29 16:51:51 - Method: GET, URL: /boards/5f9aacd7495a77206c543366/tasks/5f9aacd7495a77206c54336a, Body:{}, Params:{"boardId":"5f9aacd7495a77206c543366","taskId":"5f9aacd7495a77206c54336a"}

2020-10-29 16:51:51 - Method: POST, URL: /boards, Body:{"title":"Autotest board","columns":[{"title":"Backlog","order":1},{"title":"Sprint","order":2}]}, Params:{}

2020-10-29 16:51:51 - Method: POST, URL: /boards/5f9aacd7495a77206c543366/tasks, Body:{"title":"Autotest task","order":0,"description":"Lorem ipsum","userId":null,"boardId":null,"columnId":null}, Params:{"boardId":"5f9aacd7495a77206c543366"}

2020-10-29 16:51:52 - Method: DELETE, URL: /boards/5f9aacd7495a77206c543366/tasks/5f9aacd7495a77206c54336e, Body:{}, Params:{"boardId":"5f9aacd7495a77206c543366","taskId":"5f9aacd7495a77206c54336e"}

2020-10-29 16:51:52 - Method: DELETE, URL: /boards/5f9aacd7495a77206c54336b, Body:{}, Params:{"id":"5f9aacd7495a77206c54336b"}

2020-10-29 16:51:52 - Method: POST, URL: /users, Body:{"name":"TEST_USER","login":"test_user","password":"T35t_P@55w0rd"}, Params:{}

2020-10-29 16:51:52 - Method: POST, URL: /boards/5f9aacd7495a77206c543366/tasks, Body:{"title":"Autotest task","order":0,"description":"Lorem ipsum","userId":null,"boardId":null,"columnId":null}, Params:{"boardId":"5f9aacd7495a77206c543366"}

2020-10-29 16:51:52 - Method: POST, URL: /boards, Body:{"title":"Autotest board","columns":[{"title":"Backlog","order":1},{"title":"Sprint","order":2}]}, Params:{}

2020-10-29 16:51:52 - Method: DELETE, URL: /users/5f9aacd7495a77206c54336f, Body:{}, Params:{"id":"5f9aacd7495a77206c54336f"}

2020-10-29 16:51:52 - Method: PUT, URL: /boards/5f9aacd7495a77206c543366/tasks/5f9aacd8495a77206c543370, Body:{"id":"5f9aacd8495a77206c543370","title":"Autotest updated task","description":"Lorem ipsum","userId":null,"boardId":"5f9aacd7495a77206c543366","columnId":null,"order":0}, Params:{"boardId":"5f9aacd7495a77206c543366","taskId":"5f9aacd8495a77206c543370"}

2020-10-29 16:51:52 - Method: GET, URL: /boards/5f9aacd7495a77206c543366/tasks/5f9aacd8495a77206c543370, Body:{}, Params:{"boardId":"5f9aacd7495a77206c543366","taskId":"5f9aacd8495a77206c543370"}

2020-10-29 16:51:52 - Method: PUT, URL: /boards/5f9aacd8495a77206c543371, Body:{"id":"5f9aacd8495a77206c543371","title":"Autotest updated board","columns":[{"_id":"5f9aacd8495a77206c543372","title":"Backlog","order":1},{"_id":"5f9aacd8495a77206c543373","title":"Sprint","order":2}]}, Params:{"id":"5f9aacd8495a77206c543371"}

2020-10-29 16:51:52 - Method: GET, URL: /boards/5f9aacd7495a77206c543366/tasks/5f9aacd7495a77206c54336a, Body:{}, Params:{"boardId":"5f9aacd7495a77206c543366","taskId":"5f9aacd7495a77206c54336a"}

2020-10-29 16:51:52 - Method: GET, URL: /boards/5f9aacd8495a77206c543371, Body:{}, Params:{"id":"5f9aacd8495a77206c543371"}

2020-10-29 16:51:52 - Method: POST, URL: /users, Body:{"name":"TEST_USER","login":"test_user","password":"T35t_P@55w0rd"}, Params:{}

2020-10-29 16:51:52 - Method: DELETE, URL: /boards/5f9aacd7495a77206c543366/tasks/5f9aacd7495a77206c54336a, Body:{}, Params:{"boardId":"5f9aacd7495a77206c543366","taskId":"5f9aacd7495a77206c54336a"}

2020-10-29 16:51:52 - Method: GET - Status: 404 - Error: Task Not Found! - boardId: 5f9aacd7495a77206c543366 | taskId: 5f9aacd7495a77206c54336a, Url: /boards/5f9aacd7495a77206c543366/tasks/5f9aacd7495a77206c54336a

2020-10-29 16:51:52 - Method: GET, URL: /boards/5f9aacd7495a77206c543366/tasks/5f9aacd7495a77206c54336a, Body:{}, Params:{"boardId":"5f9aacd7495a77206c543366","taskId":"5f9aacd7495a77206c54336a"}

2020-10-29 16:51:52 - Method: DELETE, URL: /boards/5f9aacd8495a77206c543371, Body:{}, Params:{"id":"5f9aacd8495a77206c543371"}

2020-10-29 16:51:52 - Method: PUT, URL: /users/5f9aacd8495a77206c543376, Body:{"name":"Autotest updated TEST_USER","login":"test_user"}, Params:{"id":"5f9aacd8495a77206c543376"}

2020-10-29 16:51:52 - Method: GET, URL: /users/5f9aacd8495a77206c543376, Body:{}, Params:{"id":"5f9aacd8495a77206c543376"}

2020-10-29 16:51:52 - Method: DELETE, URL: /boards/5f9aacd7495a77206c543366, Body:{}, Params:{"id":"5f9aacd7495a77206c543366"}

2020-10-29 16:51:52 - Method: POST, URL: /boards, Body:{"title":"Autotest board","columns":[{"title":"Backlog","order":1},{"title":"Sprint","order":2}]}, Params:{}

2020-10-29 16:51:53 - Method: DELETE, URL: /users/5f9aacd8495a77206c543376, Body:{}, Params:{"id":"5f9aacd8495a77206c543376"}

2020-10-29 16:51:53 - Method: DELETE, URL: /boards/5f9aacd8495a77206c543377, Body:{}, Params:{"id":"5f9aacd8495a77206c543377"}

2020-10-29 16:51:53 - Method: GET, URL: /boards/12345/tasks, Body:{}, Params:{"boardId":"12345"}

2020-10-29 16:51:53 - Method: GET, URL: /boards/12345/tasks/12345, Body:{}, Params:{"boardId":"12345","taskId":"12345"}

2020-10-29 16:51:53 - Method: GET - Status: 404 - Error: Board Not Found! - id: 5f9aacd8495a77206c543377, Url: /boards/5f9aacd8495a77206c543377

2020-10-29 16:51:53 - Method: GET, URL: /boards/5f9aacd8495a77206c543377, Body:{}, Params:{"id":"5f9aacd8495a77206c543377"}

2020-10-29 16:51:53 - Method: POST, URL: /boards/12345/tasks, Body:{"title":"Autotest task","order":0,"description":"Lorem ipsum","userId":null,"boardId":null,"columnId":null}, Params:{"boardId":"12345"}

2020-10-29 16:51:53 - Method: PUT, URL: /boards/12345/tasks/12345, Body:{"title":"Autotest task","order":0,"description":"Lorem ipsum","userId":null,"boardId":null,"columnId":null}, Params:{"boardId":"12345","taskId":"12345"}

2020-10-29 16:51:53 - Method: DELETE, URL: /boards/12345/tasks/12345, Body:{}, Params:{"boardId":"12345","taskId":"12345"}

2020-10-29 16:51:53 - Method: POST, URL: /users, Body:{"name":"TEST_USER","login":"test_user","password":"T35t_P@55w0rd"}, Params:{}

2020-10-29 16:51:53 - Method: POST, URL: /boards, Body:{"title":"Autotest board","columns":[{"title":"Backlog","order":1},{"title":"Sprint","order":2}]}, Params:{}

2020-10-29 16:51:53 - Method: GET, URL: /boards, Body:{}, Params:{}

2020-10-29 16:51:53 - Method: GET, URL: /boards/12345, Body:{}, Params:{"id":"12345"}

2020-10-29 16:51:53 - Method: POST, URL: /boards, Body:{"title":"Autotest board","columns":[{"title":"Backlog","order":1},{"title":"Sprint","order":2}]}, Params:{}

2020-10-29 16:51:53 - Method: PUT, URL: /boards/12345, Body:{"title":"Autotest board","columns":[{"title":"Backlog","order":1},{"title":"Sprint","order":2}]}, Params:{"id":"12345"}

2020-10-29 16:51:53 - Method: DELETE, URL: /boards/12345, Body:{}, Params:{"id":"12345"}

2020-10-29 16:51:53 - Method: POST, URL: /boards/5f9aacd9495a77206c54337b/tasks, Body:{"title":"Task #1","order":1,"description":"Lorem ipsum","boardId":"5f9aacd9495a77206c54337b","userId":null,"columnId":null}, Params:{"boardId":"5f9aacd9495a77206c54337b"}

2020-10-29 16:51:53 - Method: POST, URL: /boards/5f9aacd9495a77206c54337b/tasks, Body:{"title":"Task #4","order":4,"description":"Lorem ipsum","boardId":"5f9aacd9495a77206c54337b","userId":null,"columnId":null}, Params:{"boardId":"5f9aacd9495a77206c54337b"}

2020-10-29 16:51:53 - Method: POST, URL: /boards/5f9aacd9495a77206c54337b/tasks, Body:{"title":"Task #3","order":3,"description":"Lorem ipsum","boardId":"5f9aacd9495a77206c54337b","userId":null,"columnId":null}, Params:{"boardId":"5f9aacd9495a77206c54337b"}

2020-10-29 16:51:53 - Method: POST, URL: /boards/5f9aacd9495a77206c54337b/tasks, Body:{"title":"Task #2","order":2,"description":"Lorem ipsum","boardId":"5f9aacd9495a77206c54337b","userId":null,"columnId":null}, Params:{"boardId":"5f9aacd9495a77206c54337b"}

2020-10-29 16:51:53 - Method: POST, URL: /boards/5f9aacd9495a77206c54337b/tasks, Body:{"title":"Task #5","order":5,"description":"Lorem ipsum","boardId":"5f9aacd9495a77206c54337b","userId":null,"columnId":null}, Params:{"boardId":"5f9aacd9495a77206c54337b"}

2020-10-29 16:51:53 - Method: DELETE, URL: /users/5f9aacd9495a77206c54337a, Body:{}, Params:{"id":"5f9aacd9495a77206c54337a"}

2020-10-29 16:51:53 - Method: GET, URL: /boards/5f9aacd9495a77206c54337b/tasks/5f9aacd9495a77206c54337f, Body:{}, Params:{"boardId":"5f9aacd9495a77206c54337b","taskId":"5f9aacd9495a77206c54337f"}

2020-10-29 16:51:53 - Method: GET, URL: /boards/5f9aacd9495a77206c54337b/tasks/5f9aacd9495a77206c543382, Body:{}, Params:{"boardId":"5f9aacd9495a77206c54337b","taskId":"5f9aacd9495a77206c543382"}

2020-10-29 16:51:53 - Method: GET, URL: /boards/5f9aacd9495a77206c54337b/tasks/5f9aacd9495a77206c543381, Body:{}, Params:{"boardId":"5f9aacd9495a77206c54337b","taskId":"5f9aacd9495a77206c543381"}

2020-10-29 16:51:53 - Method: GET, URL: /boards/5f9aacd9495a77206c54337b/tasks/5f9aacd9495a77206c54337e, Body:{}, Params:{"boardId":"5f9aacd9495a77206c54337b","taskId":"5f9aacd9495a77206c54337e"}

2020-10-29 16:51:53 - Method: GET, URL: /boards/5f9aacd9495a77206c54337b/tasks/5f9aacd9495a77206c543380, Body:{}, Params:{"boardId":"5f9aacd9495a77206c54337b","taskId":"5f9aacd9495a77206c543380"}

2020-10-29 16:51:53 - Method: GET, URL: /users, Body:{}, Params:{}

2020-10-29 16:51:53 - Method: GET, URL: /users/123, Body:{}, Params:{"id":"123"}

2020-10-29 16:51:53 - Method: POST, URL: /users, Body:{"name":"TEST_USER","login":"test_user","password":"T35t_P@55w0rd"}, Params:{}

2020-10-29 16:51:53 - Method: PUT, URL: /users/12345, Body:{"name":"TEST_USER","login":"test_user","password":"T35t_P@55w0rd"}, Params:{"id":"12345"}

2020-10-29 16:51:53 - Method: DELETE, URL: /users/12345, Body:{}, Params:{"id":"12345"}

2020-10-29 16:51:53 - Method: POST, URL: /users, Body:{"name":"TEST_USER","login":"test_user","password":"T35t_P@55w0rd"}, Params:{}

2020-10-29 16:51:53 - Method: DELETE, URL: /boards/5f9aacd9495a77206c54337b, Body:{}, Params:{"id":"5f9aacd9495a77206c54337b"}

2020-10-29 16:51:53 - Method: GET - Status: 404 - Error: Task Not Found! - boardId: 5f9aacd9495a77206c54337b | taskId: 5f9aacd9495a77206c54337e, Url: /boards/5f9aacd9495a77206c54337b/tasks/5f9aacd9495a77206c54337e

2020-10-29 16:51:53 - Method: GET, URL: /boards/5f9aacd9495a77206c54337b/tasks/5f9aacd9495a77206c54337e, Body:{}, Params:{"boardId":"5f9aacd9495a77206c54337b","taskId":"5f9aacd9495a77206c54337e"}

2020-10-29 16:51:53 - Method: GET - Status: 404 - Error: Task Not Found! - boardId: 5f9aacd9495a77206c54337b | taskId: 5f9aacd9495a77206c54337f, Url: /boards/5f9aacd9495a77206c54337b/tasks/5f9aacd9495a77206c54337f

2020-10-29 16:51:53 - Method: GET, URL: /boards/5f9aacd9495a77206c54337b/tasks/5f9aacd9495a77206c54337f, Body:{}, Params:{"boardId":"5f9aacd9495a77206c54337b","taskId":"5f9aacd9495a77206c54337f"}

2020-10-29 16:51:53 - Method: GET - Status: 404 - Error: Task Not Found! - boardId: 5f9aacd9495a77206c54337b | taskId: 5f9aacd9495a77206c543381, Url: /boards/5f9aacd9495a77206c54337b/tasks/5f9aacd9495a77206c543381

2020-10-29 16:51:53 - Method: GET, URL: /boards/5f9aacd9495a77206c54337b/tasks/5f9aacd9495a77206c543381, Body:{}, Params:{"boardId":"5f9aacd9495a77206c54337b","taskId":"5f9aacd9495a77206c543381"}

2020-10-29 16:51:53 - Method: GET - Status: 404 - Error: Task Not Found! - boardId: 5f9aacd9495a77206c54337b | taskId: 5f9aacd9495a77206c543380, Url: /boards/5f9aacd9495a77206c54337b/tasks/5f9aacd9495a77206c543380

2020-10-29 16:51:53 - Method: GET, URL: /boards/5f9aacd9495a77206c54337b/tasks/5f9aacd9495a77206c543380, Body:{}, Params:{"boardId":"5f9aacd9495a77206c54337b","taskId":"5f9aacd9495a77206c543380"}

2020-10-29 16:51:53 - Method: GET - Status: 404 - Error: Task Not Found! - boardId: 5f9aacd9495a77206c54337b | taskId: 5f9aacd9495a77206c543382, Url: /boards/5f9aacd9495a77206c54337b/tasks/5f9aacd9495a77206c543382

2020-10-29 16:51:53 - Method: GET, URL: /boards/5f9aacd9495a77206c54337b/tasks/5f9aacd9495a77206c543382, Body:{}, Params:{"boardId":"5f9aacd9495a77206c54337b","taskId":"5f9aacd9495a77206c543382"}

2020-10-29 16:51:53 - Method: POST, URL: /boards, Body:{"title":"Autotest board","columns":[{"title":"Backlog","order":1},{"title":"Sprint","order":2}]}, Params:{}

2020-10-29 16:51:54 - Method: DELETE, URL: /boards/5f9aacd7495a77206c543363, Body:{}, Params:{"id":"5f9aacd7495a77206c543363"}

2020-10-29 16:51:54 - Method: POST, URL: /boards/5f9aacd9495a77206c543384/tasks, Body:{"title":"Task #1","order":1,"description":"Lorem ipsum","userId":"5f9aacd9495a77206c543383","boardId":"5f9aacd9495a77206c543384"}, Params:{"boardId":"5f9aacd9495a77206c543384"}

2020-10-29 16:51:54 - Method: POST, URL: /boards/5f9aacd9495a77206c543384/tasks, Body:{"title":"Task #2","order":2,"description":"Lorem ipsum","userId":"5f9aacd9495a77206c543383","boardId":"5f9aacd9495a77206c543384"}, Params:{"boardId":"5f9aacd9495a77206c543384"}

2020-10-29 16:51:54 - Method: DELETE, URL: /users/5f9aacd9495a77206c543383, Body:{}, Params:{"id":"5f9aacd9495a77206c543383"}

2020-10-29 16:51:54 - Method: GET, URL: /boards/5f9aacd9495a77206c543384/tasks/5f9aacda495a77206c543387, Body:{}, Params:{"boardId":"5f9aacd9495a77206c543384","taskId":"5f9aacda495a77206c543387"}

2020-10-29 16:51:54 - Method: GET, URL: /boards/5f9aacd9495a77206c543384/tasks/5f9aacda495a77206c543388, Body:{}, Params:{"boardId":"5f9aacd9495a77206c543384","taskId":"5f9aacda495a77206c543388"}

2020-10-29 16:51:54 - Method: DELETE, URL: /boards/5f9aacd9495a77206c543384/tasks/5f9aacda495a77206c543388, Body:{}, Params:{"boardId":"5f9aacd9495a77206c543384","taskId":"5f9aacda495a77206c543388"}

2020-10-29 16:51:54 - Method: DELETE, URL: /boards/5f9aacd9495a77206c543384/tasks/5f9aacda495a77206c543387, Body:{}, Params:{"boardId":"5f9aacd9495a77206c543384","taskId":"5f9aacda495a77206c543387"}

2020-10-29 16:51:54 - Method: DELETE, URL: /boards/5f9aacd9495a77206c543384, Body:{}, Params:{"id":"5f9aacd9495a77206c543384"}

2020-10-29 16:52:03 - Method: POST, URL: /login, Body:{"login":"admin","password":"admin"}, Params:{}

2020-10-29 16:52:03 - Method: POST, URL: /login, Body:{"login":"admin","password":"admin"}, Params:{}

2020-10-29 16:52:03 - Method: POST, URL: /login, Body:{"login":"admin","password":"admin"}, Params:{}

2020-10-29 16:52:03 - Method: GET, URL: /users, Body:{}, Params:{}

2020-10-29 16:52:03 - Method: POST, URL: /boards, Body:{"title":"Autotest board","columns":[{"title":"Backlog","order":1},{"title":"Sprint","order":2}]}, Params:{}

2020-10-29 16:52:03 - Method: POST, URL: /boards, Body:{"title":"Autotest board","columns":[{"title":"Backlog","order":1},{"title":"Sprint","order":2}]}, Params:{}

2020-10-29 16:52:03 - Method: GET, URL: /boards, Body:{}, Params:{}

2020-10-29 16:52:04 - Method: POST, URL: /boards/5f9aace3495a77206c54338c/tasks, Body:{"title":"Autotest task","order":0,"description":"Lorem ipsum","userId":null,"boardId":null,"columnId":null}, Params:{"boardId":"5f9aace3495a77206c54338c"}

2020-10-29 16:52:04 - Method: POST, URL: /users, Body:{"name":"TEST_USER","login":"test_user","password":"T35t_P@55w0rd"}, Params:{}

2020-10-29 16:52:04 - Method: GET, URL: /boards/5f9aace3495a77206c54338c/tasks, Body:{}, Params:{"boardId":"5f9aace3495a77206c54338c"}

2020-10-29 16:52:04 - Method: GET, URL: /boards, Body:{}, Params:{}

2020-10-29 16:52:04 - Method: GET, URL: /users/5f9aace3495a77206c54338f, Body:{}, Params:{"id":"5f9aace3495a77206c54338f"}

2020-10-29 16:52:04 - Method: GET, URL: /boards/5f9aace3495a77206c54338c/tasks, Body:{}, Params:{"boardId":"5f9aace3495a77206c54338c"}

2020-10-29 16:52:04 - Method: GET, URL: /boards/5f9aa6ce13f45222bccc58cc, Body:{}, Params:{"id":"5f9aa6ce13f45222bccc58cc"}

2020-10-29 16:52:04 - Method: GET, URL: /boards/5f9aace3495a77206c54338c/tasks/5f9aace3495a77206c543390, Body:{}, Params:{"boardId":"5f9aace3495a77206c54338c","taskId":"5f9aace3495a77206c543390"}

2020-10-29 16:52:04 - Method: DELETE, URL: /users/5f9aace3495a77206c54338f, Body:{}, Params:{"id":"5f9aace3495a77206c54338f"}

2020-10-29 16:52:04 - Method: POST, URL: /boards, Body:{"title":"Autotest board","columns":[{"title":"Backlog","order":1},{"title":"Sprint","order":2}]}, Params:{}

2020-10-29 16:52:04 - Method: POST, URL: /boards/5f9aace3495a77206c54338c/tasks, Body:{"title":"Autotest task","order":0,"description":"Lorem ipsum","userId":null,"boardId":null,"columnId":null}, Params:{"boardId":"5f9aace3495a77206c54338c"}

2020-10-29 16:52:04 - Method: DELETE, URL: /boards/5f9aace3495a77206c54338c/tasks/5f9aace4495a77206c543394, Body:{}, Params:{"boardId":"5f9aace3495a77206c54338c","taskId":"5f9aace4495a77206c543394"}

2020-10-29 16:52:04 - Method: DELETE, URL: /boards/5f9aace4495a77206c543391, Body:{}, Params:{"id":"5f9aace4495a77206c543391"}

2020-10-29 16:52:04 - Method: POST, URL: /boards/5f9aace3495a77206c54338c/tasks, Body:{"title":"Autotest task","order":0,"description":"Lorem ipsum","userId":null,"boardId":null,"columnId":null}, Params:{"boardId":"5f9aace3495a77206c54338c"}

2020-10-29 16:52:04 - Method: POST, URL: /users, Body:{"name":"TEST_USER","login":"test_user","password":"T35t_P@55w0rd"}, Params:{}

2020-10-29 16:52:04 - Method: POST, URL: /boards, Body:{"title":"Autotest board","columns":[{"title":"Backlog","order":1},{"title":"Sprint","order":2}]}, Params:{}

2020-10-29 16:52:04 - Method: PUT, URL: /boards/5f9aace3495a77206c54338c/tasks/5f9aace4495a77206c543396, Body:{"id":"5f9aace4495a77206c543396","title":"Autotest updated task","description":"Lorem ipsum","userId":null,"boardId":"5f9aace3495a77206c54338c","columnId":null,"order":0}, Params:{"boardId":"5f9aace3495a77206c54338c","taskId":"5f9aace4495a77206c543396"}

2020-10-29 16:52:04 - Method: DELETE, URL: /users/5f9aace4495a77206c543395, Body:{}, Params:{"id":"5f9aace4495a77206c543395"}

2020-10-29 16:52:04 - Method: GET, URL: /boards/5f9aace3495a77206c54338c/tasks/5f9aace4495a77206c543396, Body:{}, Params:{"boardId":"5f9aace3495a77206c54338c","taskId":"5f9aace4495a77206c543396"}

2020-10-29 16:52:04 - Method: PUT, URL: /boards/5f9aace4495a77206c543397, Body:{"id":"5f9aace4495a77206c543397","title":"Autotest updated board","columns":[{"_id":"5f9aace4495a77206c543398","title":"Backlog","order":1},{"_id":"5f9aace4495a77206c543399","title":"Sprint","order":2}]}, Params:{"id":"5f9aace4495a77206c543397"}

2020-10-29 16:52:04 - Method: GET, URL: /boards/5f9aace3495a77206c54338c/tasks/5f9aace3495a77206c543390, Body:{}, Params:{"boardId":"5f9aace3495a77206c54338c","taskId":"5f9aace3495a77206c543390"}

2020-10-29 16:52:05 - Method: GET, URL: /boards/5f9aace4495a77206c543397, Body:{}, Params:{"id":"5f9aace4495a77206c543397"}

2020-10-29 16:52:05 - Method: DELETE, URL: /boards/5f9aace3495a77206c54338c/tasks/5f9aace3495a77206c543390, Body:{}, Params:{"boardId":"5f9aace3495a77206c54338c","taskId":"5f9aace3495a77206c543390"}

2020-10-29 16:52:05 - Method: POST, URL: /users, Body:{"name":"TEST_USER","login":"test_user","password":"T35t_P@55w0rd"}, Params:{}

2020-10-29 16:52:05 - Method: GET - Status: 404 - Error: Task Not Found! - boardId: 5f9aace3495a77206c54338c | taskId: 5f9aace3495a77206c543390, Url: /boards/5f9aace3495a77206c54338c/tasks/5f9aace3495a77206c543390

2020-10-29 16:52:05 - Method: GET, URL: /boards/5f9aace3495a77206c54338c/tasks/5f9aace3495a77206c543390, Body:{}, Params:{"boardId":"5f9aace3495a77206c54338c","taskId":"5f9aace3495a77206c543390"}

2020-10-29 16:52:05 - Method: DELETE, URL: /boards/5f9aace4495a77206c543397, Body:{}, Params:{"id":"5f9aace4495a77206c543397"}

2020-10-29 16:52:05 - Method: PUT, URL: /users/5f9aace4495a77206c54339c, Body:{"name":"Autotest updated TEST_USER","login":"test_user"}, Params:{"id":"5f9aace4495a77206c54339c"}

2020-10-29 16:52:05 - Method: DELETE, URL: /boards/5f9aace3495a77206c54338c, Body:{}, Params:{"id":"5f9aace3495a77206c54338c"}

2020-10-29 16:52:05 - Method: GET, URL: /users/5f9aace4495a77206c54339c, Body:{}, Params:{"id":"5f9aace4495a77206c54339c"}

2020-10-29 16:52:05 - Method: POST, URL: /boards, Body:{"title":"Autotest board","columns":[{"title":"Backlog","order":1},{"title":"Sprint","order":2}]}, Params:{}

2020-10-29 16:52:05 - Method: DELETE, URL: /users/5f9aace4495a77206c54339c, Body:{}, Params:{"id":"5f9aace4495a77206c54339c"}

2020-10-29 16:52:05 - Method: DELETE, URL: /boards/5f9aace5495a77206c54339d, Body:{}, Params:{"id":"5f9aace5495a77206c54339d"}

2020-10-29 16:52:05 - Method: GET, URL: /users, Body:{}, Params:{}

2020-10-29 16:52:05 - Method: GET, URL: /users/123, Body:{}, Params:{"id":"123"}

2020-10-29 16:52:05 - Method: POST, URL: /users, Body:{"name":"TEST_USER","login":"test_user","password":"T35t_P@55w0rd"}, Params:{}

2020-10-29 16:52:05 - Method: PUT, URL: /users/12345, Body:{"name":"TEST_USER","login":"test_user","password":"T35t_P@55w0rd"}, Params:{"id":"12345"}

2020-10-29 16:52:05 - Method: DELETE, URL: /users/12345, Body:{}, Params:{"id":"12345"}

2020-10-29 16:52:05 - Method: GET - Status: 404 - Error: Board Not Found! - id: 5f9aace5495a77206c54339d, Url: /boards/5f9aace5495a77206c54339d

2020-10-29 16:52:05 - Method: GET, URL: /boards/5f9aace5495a77206c54339d, Body:{}, Params:{"id":"5f9aace5495a77206c54339d"}

2020-10-29 16:52:05 - Method: POST, URL: /users, Body:{"name":"TEST_USER","login":"test_user","password":"T35t_P@55w0rd"}, Params:{}

2020-10-29 16:52:05 - Method: GET, URL: /boards/12345/tasks, Body:{}, Params:{"boardId":"12345"}

2020-10-29 16:52:05 - Method: GET, URL: /boards/12345/tasks/12345, Body:{}, Params:{"boardId":"12345","taskId":"12345"}

2020-10-29 16:52:05 - Method: POST, URL: /boards/12345/tasks, Body:{"title":"Autotest task","order":0,"description":"Lorem ipsum","userId":null,"boardId":null,"columnId":null}, Params:{"boardId":"12345"}

2020-10-29 16:52:05 - Method: PUT, URL: /boards/12345/tasks/12345, Body:{"title":"Autotest task","order":0,"description":"Lorem ipsum","userId":null,"boardId":null,"columnId":null}, Params:{"boardId":"12345","taskId":"12345"}

2020-10-29 16:52:05 - Method: DELETE, URL: /boards/12345/tasks/12345, Body:{}, Params:{"boardId":"12345","taskId":"12345"}

2020-10-29 16:52:05 - Method: POST, URL: /boards, Body:{"title":"Autotest board","columns":[{"title":"Backlog","order":1},{"title":"Sprint","order":2}]}, Params:{}

2020-10-29 16:52:05 - Method: POST, URL: /boards/5f9aace5495a77206c5433a1/tasks, Body:{"title":"Task #2","order":2,"description":"Lorem ipsum","boardId":"5f9aace5495a77206c5433a1","userId":null,"columnId":null}, Params:{"boardId":"5f9aace5495a77206c5433a1"}

2020-10-29 16:52:05 - Method: POST, URL: /boards/5f9aace5495a77206c5433a1/tasks, Body:{"title":"Task #1","order":1,"description":"Lorem ipsum","boardId":"5f9aace5495a77206c5433a1","userId":null,"columnId":null}, Params:{"boardId":"5f9aace5495a77206c5433a1"}

2020-10-29 16:52:05 - Method: POST, URL: /boards/5f9aace5495a77206c5433a1/tasks, Body:{"title":"Task #3","order":3,"description":"Lorem ipsum","boardId":"5f9aace5495a77206c5433a1","userId":null,"columnId":null}, Params:{"boardId":"5f9aace5495a77206c5433a1"}

2020-10-29 16:52:05 - Method: POST, URL: /boards/5f9aace5495a77206c5433a1/tasks, Body:{"title":"Task #4","order":4,"description":"Lorem ipsum","boardId":"5f9aace5495a77206c5433a1","userId":null,"columnId":null}, Params:{"boardId":"5f9aace5495a77206c5433a1"}

2020-10-29 16:52:05 - Method: POST, URL: /boards/5f9aace5495a77206c5433a1/tasks, Body:{"title":"Task #5","order":5,"description":"Lorem ipsum","boardId":"5f9aace5495a77206c5433a1","userId":null,"columnId":null}, Params:{"boardId":"5f9aace5495a77206c5433a1"}

2020-10-29 16:52:05 - Method: DELETE, URL: /users/5f9aace5495a77206c5433a0, Body:{}, Params:{"id":"5f9aace5495a77206c5433a0"}

2020-10-29 16:52:06 - Method: GET, URL: /boards/5f9aace5495a77206c5433a1/tasks/5f9aace5495a77206c5433a4, Body:{}, Params:{"boardId":"5f9aace5495a77206c5433a1","taskId":"5f9aace5495a77206c5433a4"}

2020-10-29 16:52:06 - Method: GET, URL: /boards/5f9aace5495a77206c5433a1/tasks/5f9aace5495a77206c5433a5, Body:{}, Params:{"boardId":"5f9aace5495a77206c5433a1","taskId":"5f9aace5495a77206c5433a5"}

2020-10-29 16:52:06 - Method: GET, URL: /boards/5f9aace5495a77206c5433a1/tasks/5f9aace5495a77206c5433a6, Body:{}, Params:{"boardId":"5f9aace5495a77206c5433a1","taskId":"5f9aace5495a77206c5433a6"}

2020-10-29 16:52:06 - Method: GET, URL: /boards/5f9aace5495a77206c5433a1/tasks/5f9aace5495a77206c5433a8, Body:{}, Params:{"boardId":"5f9aace5495a77206c5433a1","taskId":"5f9aace5495a77206c5433a8"}

2020-10-29 16:52:06 - Method: GET, URL: /boards/5f9aace5495a77206c5433a1/tasks/5f9aace5495a77206c5433a7, Body:{}, Params:{"boardId":"5f9aace5495a77206c5433a1","taskId":"5f9aace5495a77206c5433a7"}

2020-10-29 16:52:06 - Method: GET, URL: /boards, Body:{}, Params:{}

2020-10-29 16:52:06 - Method: GET, URL: /boards/12345, Body:{}, Params:{"id":"12345"}

2020-10-29 16:52:06 - Method: POST, URL: /boards, Body:{"title":"Autotest board","columns":[{"title":"Backlog","order":1},{"title":"Sprint","order":2}]}, Params:{}

2020-10-29 16:52:06 - Method: PUT, URL: /boards/12345, Body:{"title":"Autotest board","columns":[{"title":"Backlog","order":1},{"title":"Sprint","order":2}]}, Params:{"id":"12345"}

2020-10-29 16:52:06 - Method: DELETE, URL: /boards/12345, Body:{}, Params:{"id":"12345"}

2020-10-29 16:52:06 - Method: POST, URL: /users, Body:{"name":"TEST_USER","login":"test_user","password":"T35t_P@55w0rd"}, Params:{}

2020-10-29 16:52:06 - Method: DELETE, URL: /boards/5f9aace5495a77206c5433a1, Body:{}, Params:{"id":"5f9aace5495a77206c5433a1"}

2020-10-29 16:52:06 - Method: GET - Status: 404 - Error: Task Not Found! - boardId: 5f9aace5495a77206c5433a1 | taskId: 5f9aace5495a77206c5433a7, Url: /boards/5f9aace5495a77206c5433a1/tasks/5f9aace5495a77206c5433a7

2020-10-29 16:52:06 - Method: GET, URL: /boards/5f9aace5495a77206c5433a1/tasks/5f9aace5495a77206c5433a7, Body:{}, Params:{"boardId":"5f9aace5495a77206c5433a1","taskId":"5f9aace5495a77206c5433a7"}

2020-10-29 16:52:06 - Method: GET - Status: 404 - Error: Task Not Found! - boardId: 5f9aace5495a77206c5433a1 | taskId: 5f9aace5495a77206c5433a8, Url: /boards/5f9aace5495a77206c5433a1/tasks/5f9aace5495a77206c5433a8

2020-10-29 16:52:06 - Method: GET, URL: /boards/5f9aace5495a77206c5433a1/tasks/5f9aace5495a77206c5433a8, Body:{}, Params:{"boardId":"5f9aace5495a77206c5433a1","taskId":"5f9aace5495a77206c5433a8"}

2020-10-29 16:52:06 - Method: GET - Status: 404 - Error: Task Not Found! - boardId: 5f9aace5495a77206c5433a1 | taskId: 5f9aace5495a77206c5433a4, Url: /boards/5f9aace5495a77206c5433a1/tasks/5f9aace5495a77206c5433a4

2020-10-29 16:52:06 - Method: GET, URL: /boards/5f9aace5495a77206c5433a1/tasks/5f9aace5495a77206c5433a4, Body:{}, Params:{"boardId":"5f9aace5495a77206c5433a1","taskId":"5f9aace5495a77206c5433a4"}

2020-10-29 16:52:06 - Method: GET - Status: 404 - Error: Task Not Found! - boardId: 5f9aace5495a77206c5433a1 | taskId: 5f9aace5495a77206c5433a5, Url: /boards/5f9aace5495a77206c5433a1/tasks/5f9aace5495a77206c5433a5

2020-10-29 16:52:06 - Method: GET, URL: /boards/5f9aace5495a77206c5433a1/tasks/5f9aace5495a77206c5433a5, Body:{}, Params:{"boardId":"5f9aace5495a77206c5433a1","taskId":"5f9aace5495a77206c5433a5"}

2020-10-29 16:52:06 - Method: GET - Status: 404 - Error: Task Not Found! - boardId: 5f9aace5495a77206c5433a1 | taskId: 5f9aace5495a77206c5433a6, Url: /boards/5f9aace5495a77206c5433a1/tasks/5f9aace5495a77206c5433a6

2020-10-29 16:52:06 - Method: GET, URL: /boards/5f9aace5495a77206c5433a1/tasks/5f9aace5495a77206c5433a6, Body:{}, Params:{"boardId":"5f9aace5495a77206c5433a1","taskId":"5f9aace5495a77206c5433a6"}

2020-10-29 16:52:06 - Method: POST, URL: /boards, Body:{"title":"Autotest board","columns":[{"title":"Backlog","order":1},{"title":"Sprint","order":2}]}, Params:{}

2020-10-29 16:52:06 - Method: POST, URL: /boards/5f9aace6495a77206c5433aa/tasks, Body:{"title":"Task #2","order":2,"description":"Lorem ipsum","userId":"5f9aace6495a77206c5433a9","boardId":"5f9aace6495a77206c5433aa"}, Params:{"boardId":"5f9aace6495a77206c5433aa"}

2020-10-29 16:52:06 - Method: POST, URL: /boards/5f9aace6495a77206c5433aa/tasks, Body:{"title":"Task #1","order":1,"description":"Lorem ipsum","userId":"5f9aace6495a77206c5433a9","boardId":"5f9aace6495a77206c5433aa"}, Params:{"boardId":"5f9aace6495a77206c5433aa"}

2020-10-29 16:52:06 - Method: DELETE, URL: /boards/5f9aace3495a77206c543389, Body:{}, Params:{"id":"5f9aace3495a77206c543389"}

2020-10-29 16:52:06 - Method: DELETE, URL: /users/5f9aace6495a77206c5433a9, Body:{}, Params:{"id":"5f9aace6495a77206c5433a9"}

2020-10-29 16:52:06 - Method: GET, URL: /boards/5f9aace6495a77206c5433aa/tasks/5f9aace6495a77206c5433ae, Body:{}, Params:{"boardId":"5f9aace6495a77206c5433aa","taskId":"5f9aace6495a77206c5433ae"}

2020-10-29 16:52:06 - Method: GET, URL: /boards/5f9aace6495a77206c5433aa/tasks/5f9aace6495a77206c5433ad, Body:{}, Params:{"boardId":"5f9aace6495a77206c5433aa","taskId":"5f9aace6495a77206c5433ad"}

2020-10-29 16:52:07 - Method: DELETE, URL: /boards/5f9aace6495a77206c5433aa/tasks/5f9aace6495a77206c5433ad, Body:{}, Params:{"boardId":"5f9aace6495a77206c5433aa","taskId":"5f9aace6495a77206c5433ad"}

2020-10-29 16:52:07 - Method: DELETE, URL: /boards/5f9aace6495a77206c5433aa/tasks/5f9aace6495a77206c5433ae, Body:{}, Params:{"boardId":"5f9aace6495a77206c5433aa","taskId":"5f9aace6495a77206c5433ae"}

2020-10-29 16:52:07 - Method: DELETE, URL: /boards/5f9aace6495a77206c5433aa, Body:{}, Params:{"id":"5f9aace6495a77206c5433aa"}

2020-10-29 16:54:45 - UnhandledRejection: Error: data and salt arguments required
    at Object.hash (D:\projects\RSSchool-Nodejs\task2-3-4\node_modules\bcrypt\bcrypt.js:137:17)
    at D:\projects\RSSchool-Nodejs\task2-3-4\node_modules\bcrypt\promises.js:29:12
    at new Promise (<anonymous>)
    at Object.module.exports.promise (D:\projects\RSSchool-Nodejs\task2-3-4\node_modules\bcrypt\promises.js:20:12)
    at Object.hash (D:\projects\RSSchool-Nodejs\task2-3-4\node_modules\bcrypt\bcrypt.js:133:25)
    at Object.createUser (D:\projects\RSSchool-Nodejs\task2-3-4\src\resources\users\user.memory.repository.js:10:37)
    at Server.<anonymous> (D:\projects\RSSchool-Nodejs\task2-3-4\src\server.js:16:17)
    at Object.onceWrapper (events.js:420:28)
    at Server.emit (events.js:314:20)
    at emitListeningNT (net.js:1350:10)
    at processTicksAndRejections (internal/process/task_queues.js:79:21)
2020-10-29 17:04:06 - Method: POST, URL: /login, Body:{"login":"admin","password":"admin"}, Params:{}

2020-10-29 17:04:06 - Method: GET, URL: /users, Body:{}, Params:{}

2020-10-29 17:04:06 - Method: POST, URL: /users, Body:{"name":"TEST_USER","login":"test_user","password":"T35t_P@55w0rd"}, Params:{}

2020-10-29 17:04:06 - Method: POST, URL: /users, Body:{"name":"TEST_USER","login":"test_user","password":"T35t_P@55w0rd"}, Params:{}

2020-10-29 17:04:06 - Method: POST, URL: /users, Body:{"name":"TEST_USER","login":"test_user","password":"T35t_P@55w0rd"}, Params:{}

2020-10-29 17:04:06 - Method: PUT, URL: /users/undefined, Body:{"name":"Autotest updated TEST_USER","login":"test_user","password":"T35t_P@55w0rd"}, Params:{"id":"undefined"}

2020-10-29 17:04:06 - Method: POST, URL: /users, Body:{"name":"TEST_USER","login":"test_user","password":"T35t_P@55w0rd"}, Params:{}

2020-10-29 17:04:06 - Method: DELETE, URL: /users/undefined, Body:{}, Params:{"id":"undefined"}

2020-10-29 17:04:06 - Method: POST, URL: /users, Body:{"name":"TEST_USER","login":"test_user","password":"T35t_P@55w0rd"}, Params:{}

2020-10-29 17:04:06 - Method: POST, URL: /login, Body:{"login":"admin","password":"admin"}, Params:{}

2020-10-29 17:04:06 - Method: POST, URL: /boards, Body:{"title":"Autotest board","columns":[{"title":"Backlog","order":1},{"title":"Sprint","order":2}]}, Params:{}

2020-10-29 17:04:06 - Method: GET, URL: /boards, Body:{}, Params:{}

2020-10-29 17:04:06 - Method: GET, URL: /boards, Body:{}, Params:{}

2020-10-29 17:04:06 - Method: POST, URL: /boards, Body:{"title":"Autotest board","columns":[{"title":"Backlog","order":1},{"title":"Sprint","order":2}]}, Params:{}

2020-10-29 17:04:06 - Method: POST, URL: /boards, Body:{"title":"Autotest board","columns":[{"title":"Backlog","order":1},{"title":"Sprint","order":2}]}, Params:{}

2020-10-29 17:04:06 - Method: PUT, URL: /boards/undefined, Body:{"title":"Autotest updated board"}, Params:{"id":"undefined"}

2020-10-29 17:04:06 - Method: POST, URL: /boards, Body:{"title":"Autotest board","columns":[{"title":"Backlog","order":1},{"title":"Sprint","order":2}]}, Params:{}

2020-10-29 17:04:06 - Method: POST, URL: /boards, Body:{"title":"Autotest board","columns":[{"title":"Backlog","order":1},{"title":"Sprint","order":2}]}, Params:{}

2020-10-29 17:04:06 - Method: DELETE, URL: /boards/undefined, Body:{}, Params:{"id":"undefined"}

2020-10-29 17:04:06 - Method: POST, URL: /login, Body:{"login":"admin","password":"admin"}, Params:{}

2020-10-29 17:04:06 - Method: POST, URL: /boards, Body:{"title":"Autotest board","columns":[{"title":"Backlog","order":1},{"title":"Sprint","order":2}]}, Params:{}

2020-10-29 17:04:06 - Method: POST, URL: /boards/undefined/tasks, Body:{"title":"Autotest task","order":0,"description":"Lorem ipsum","userId":null,"boardId":null,"columnId":null}, Params:{"boardId":"undefined"}

2020-10-29 17:04:06 - Method: GET, URL: /boards/undefined/tasks, Body:{}, Params:{"boardId":"undefined"}

2020-10-29 17:04:06 - Method: GET, URL: /boards/undefined/tasks, Body:{}, Params:{"boardId":"undefined"}

2020-10-29 17:04:06 - Method: POST, URL: /boards/undefined/tasks, Body:{"title":"Autotest task","order":0,"description":"Lorem ipsum","userId":null,"boardId":null,"columnId":null}, Params:{"boardId":"undefined"}

2020-10-29 17:04:06 - Method: POST, URL: /boards/undefined/tasks, Body:{"title":"Autotest task","order":0,"description":"Lorem ipsum","userId":null,"boardId":null,"columnId":null}, Params:{"boardId":"undefined"}

2020-10-29 17:04:06 - Method: PUT, URL: /boards/undefined/tasks/undefined, Body:{"title":"Autotest updated task"}, Params:{"boardId":"undefined","taskId":"undefined"}

2020-10-29 17:04:06 - Method: GET, URL: /boards/undefined/tasks/undefined, Body:{}, Params:{"boardId":"undefined","taskId":"undefined"}

2020-10-29 17:04:06 - Method: DELETE, URL: /boards/undefined, Body:{}, Params:{"id":"undefined"}

2020-10-29 17:04:07 - Method: GET, URL: /boards, Body:{}, Params:{}

2020-10-29 17:04:07 - Method: GET, URL: /boards/12345, Body:{}, Params:{"id":"12345"}

2020-10-29 17:04:07 - Method: POST, URL: /boards, Body:{"title":"Autotest board","columns":[{"title":"Backlog","order":1},{"title":"Sprint","order":2}]}, Params:{}

2020-10-29 17:04:07 - Method: PUT, URL: /boards/12345, Body:{"title":"Autotest board","columns":[{"title":"Backlog","order":1},{"title":"Sprint","order":2}]}, Params:{"id":"12345"}

2020-10-29 17:04:07 - Method: DELETE, URL: /boards/12345, Body:{}, Params:{"id":"12345"}

2020-10-29 17:04:07 - Method: GET, URL: /users, Body:{}, Params:{}

2020-10-29 17:04:07 - Method: GET, URL: /users/123, Body:{}, Params:{"id":"123"}

2020-10-29 17:04:07 - Method: POST, URL: /users, Body:{"name":"TEST_USER","login":"test_user","password":"T35t_P@55w0rd"}, Params:{}

2020-10-29 17:04:07 - Method: PUT, URL: /users/12345, Body:{"name":"TEST_USER","login":"test_user","password":"T35t_P@55w0rd"}, Params:{"id":"12345"}

2020-10-29 17:04:07 - Method: DELETE, URL: /users/12345, Body:{}, Params:{"id":"12345"}

2020-10-29 17:04:07 - Method: GET, URL: /boards/12345/tasks, Body:{}, Params:{"boardId":"12345"}

2020-10-29 17:04:07 - Method: GET, URL: /boards/12345/tasks/12345, Body:{}, Params:{"boardId":"12345","taskId":"12345"}

2020-10-29 17:04:07 - Method: POST, URL: /boards/12345/tasks, Body:{"title":"Autotest task","order":0,"description":"Lorem ipsum","userId":null,"boardId":null,"columnId":null}, Params:{"boardId":"12345"}

2020-10-29 17:04:07 - Method: PUT, URL: /boards/12345/tasks/12345, Body:{"title":"Autotest task","order":0,"description":"Lorem ipsum","userId":null,"boardId":null,"columnId":null}, Params:{"boardId":"12345","taskId":"12345"}

2020-10-29 17:04:07 - Method: DELETE, URL: /boards/12345/tasks/12345, Body:{}, Params:{"boardId":"12345","taskId":"12345"}

2020-10-29 17:05:37 - Method: POST, URL: /login, Body:{"login":"admin","password":"admin"}, Params:{}

2020-10-29 17:05:37 - Method: POST, URL: /login, Body:{"login":"admin","password":"admin"}, Params:{}

2020-10-29 17:05:37 - Method: POST, URL: /login, Body:{"login":"admin","password":"admin"}, Params:{}

2020-10-29 17:05:37 - Method: GET, URL: /users, Body:{}, Params:{}

2020-10-29 17:05:37 - Method: POST, URL: /boards, Body:{"title":"Autotest board","columns":[{"title":"Backlog","order":1},{"title":"Sprint","order":2}]}, Params:{}

2020-10-29 17:05:37 - Method: POST, URL: /boards, Body:{"title":"Autotest board","columns":[{"title":"Backlog","order":1},{"title":"Sprint","order":2}]}, Params:{}

2020-10-29 17:05:37 - Method: POST, URL: /boards/5f9ab01195448347e87dbd29/tasks, Body:{"title":"Autotest task","order":0,"description":"Lorem ipsum","userId":null,"boardId":null,"columnId":null}, Params:{"boardId":"5f9ab01195448347e87dbd29"}

2020-10-29 17:05:37 - Method: GET, URL: /boards, Body:{}, Params:{}

2020-10-29 17:05:37 - Method: POST, URL: /users, Body:{"name":"TEST_USER","login":"test_user","password":"T35t_P@55w0rd"}, Params:{}

2020-10-29 17:05:38 - Method: GET, URL: /boards/5f9ab01195448347e87dbd29/tasks, Body:{}, Params:{"boardId":"5f9ab01195448347e87dbd29"}

2020-10-29 17:05:38 - Method: GET, URL: /users/5f9ab01195448347e87dbd2f, Body:{}, Params:{"id":"5f9ab01195448347e87dbd2f"}

2020-10-29 17:05:38 - Method: GET, URL: /boards, Body:{}, Params:{}

2020-10-29 17:05:38 - Method: GET, URL: /boards/5f9ab01195448347e87dbd29/tasks, Body:{}, Params:{"boardId":"5f9ab01195448347e87dbd29"}

2020-10-29 17:05:38 - Method: GET, URL: /boards/5f9ab01195448347e87dbd29, Body:{}, Params:{"id":"5f9ab01195448347e87dbd29"}

2020-10-29 17:05:38 - Method: DELETE, URL: /users/5f9ab01195448347e87dbd2f, Body:{}, Params:{"id":"5f9ab01195448347e87dbd2f"}

2020-10-29 17:05:38 - Method: GET, URL: /boards/5f9ab01195448347e87dbd29/tasks/5f9ab01195448347e87dbd30, Body:{}, Params:{"boardId":"5f9ab01195448347e87dbd29","taskId":"5f9ab01195448347e87dbd30"}

2020-10-29 17:05:38 - Method: POST, URL: /boards, Body:{"title":"Autotest board","columns":[{"title":"Backlog","order":1},{"title":"Sprint","order":2}]}, Params:{}

2020-10-29 17:05:38 - Method: POST, URL: /boards/5f9ab01195448347e87dbd29/tasks, Body:{"title":"Autotest task","order":0,"description":"Lorem ipsum","userId":null,"boardId":null,"columnId":null}, Params:{"boardId":"5f9ab01195448347e87dbd29"}

2020-10-29 17:05:38 - Method: DELETE, URL: /boards/5f9ab01195448347e87dbd29/tasks/5f9ab01295448347e87dbd34, Body:{}, Params:{"boardId":"5f9ab01195448347e87dbd29","taskId":"5f9ab01295448347e87dbd34"}

2020-10-29 17:05:38 - Method: POST, URL: /users, Body:{"name":"TEST_USER","login":"test_user","password":"T35t_P@55w0rd"}, Params:{}

2020-10-29 17:05:38 - Method: DELETE, URL: /boards/5f9ab01295448347e87dbd31, Body:{}, Params:{"id":"5f9ab01295448347e87dbd31"}

2020-10-29 17:05:38 - Method: POST, URL: /boards/5f9ab01195448347e87dbd29/tasks, Body:{"title":"Autotest task","order":0,"description":"Lorem ipsum","userId":null,"boardId":null,"columnId":null}, Params:{"boardId":"5f9ab01195448347e87dbd29"}

2020-10-29 17:05:38 - Method: DELETE, URL: /users/5f9ab01295448347e87dbd35, Body:{}, Params:{"id":"5f9ab01295448347e87dbd35"}

2020-10-29 17:05:38 - Method: POST, URL: /boards, Body:{"title":"Autotest board","columns":[{"title":"Backlog","order":1},{"title":"Sprint","order":2}]}, Params:{}

2020-10-29 17:05:38 - Method: PUT, URL: /boards/5f9ab01195448347e87dbd29/tasks/5f9ab01295448347e87dbd36, Body:{"id":"5f9ab01295448347e87dbd36","title":"Autotest updated task","description":"Lorem ipsum","userId":null,"boardId":"5f9ab01195448347e87dbd29","columnId":null,"order":0}, Params:{"boardId":"5f9ab01195448347e87dbd29","taskId":"5f9ab01295448347e87dbd36"}

2020-10-29 17:05:38 - Method: GET, URL: /boards/5f9ab01195448347e87dbd29/tasks/5f9ab01295448347e87dbd36, Body:{}, Params:{"boardId":"5f9ab01195448347e87dbd29","taskId":"5f9ab01295448347e87dbd36"}

2020-10-29 17:05:38 - Method: PUT, URL: /boards/5f9ab01295448347e87dbd37, Body:{"id":"5f9ab01295448347e87dbd37","title":"Autotest updated board","columns":[{"_id":"5f9ab01295448347e87dbd38","title":"Backlog","order":1},{"_id":"5f9ab01295448347e87dbd39","title":"Sprint","order":2}]}, Params:{"id":"5f9ab01295448347e87dbd37"}

2020-10-29 17:05:38 - Method: GET, URL: /boards/5f9ab01195448347e87dbd29/tasks/5f9ab01195448347e87dbd30, Body:{}, Params:{"boardId":"5f9ab01195448347e87dbd29","taskId":"5f9ab01195448347e87dbd30"}

2020-10-29 17:05:38 - Method: POST, URL: /users, Body:{"name":"TEST_USER","login":"test_user","password":"T35t_P@55w0rd"}, Params:{}

2020-10-29 17:05:38 - Method: GET, URL: /boards/5f9ab01295448347e87dbd37, Body:{}, Params:{"id":"5f9ab01295448347e87dbd37"}

2020-10-29 17:05:39 - Method: DELETE, URL: /boards/5f9ab01195448347e87dbd29/tasks/5f9ab01195448347e87dbd30, Body:{}, Params:{"boardId":"5f9ab01195448347e87dbd29","taskId":"5f9ab01195448347e87dbd30"}

2020-10-29 17:05:39 - Method: GET - Status: 404 - Error: Task Not Found! - boardId: 5f9ab01195448347e87dbd29 | taskId: 5f9ab01195448347e87dbd30, Url: /boards/5f9ab01195448347e87dbd29/tasks/5f9ab01195448347e87dbd30

2020-10-29 17:05:39 - Method: GET, URL: /boards/5f9ab01195448347e87dbd29/tasks/5f9ab01195448347e87dbd30, Body:{}, Params:{"boardId":"5f9ab01195448347e87dbd29","taskId":"5f9ab01195448347e87dbd30"}

2020-10-29 17:05:39 - Method: PUT, URL: /users/5f9ab01295448347e87dbd3c, Body:{"name":"Autotest updated TEST_USER","login":"test_user"}, Params:{"id":"5f9ab01295448347e87dbd3c"}

2020-10-29 17:05:39 - Method: DELETE, URL: /boards/5f9ab01295448347e87dbd37, Body:{}, Params:{"id":"5f9ab01295448347e87dbd37"}

2020-10-29 17:05:39 - Method: GET, URL: /users/5f9ab01295448347e87dbd3c, Body:{}, Params:{"id":"5f9ab01295448347e87dbd3c"}

2020-10-29 17:05:39 - Method: DELETE, URL: /boards/5f9ab01195448347e87dbd29, Body:{}, Params:{"id":"5f9ab01195448347e87dbd29"}

2020-10-29 17:05:39 - Method: POST, URL: /boards, Body:{"title":"Autotest board","columns":[{"title":"Backlog","order":1},{"title":"Sprint","order":2}]}, Params:{}

2020-10-29 17:05:39 - Method: DELETE, URL: /users/5f9ab01295448347e87dbd3c, Body:{}, Params:{"id":"5f9ab01295448347e87dbd3c"}

2020-10-29 17:05:39 - Method: DELETE, URL: /boards/5f9ab01395448347e87dbd3d, Body:{}, Params:{"id":"5f9ab01395448347e87dbd3d"}

2020-10-29 17:05:39 - Method: GET - Status: 404 - Error: Board Not Found! - id: 5f9ab01395448347e87dbd3d, Url: /boards/5f9ab01395448347e87dbd3d

2020-10-29 17:05:39 - Method: GET, URL: /boards/5f9ab01395448347e87dbd3d, Body:{}, Params:{"id":"5f9ab01395448347e87dbd3d"}

2020-10-29 17:05:39 - Method: GET, URL: /boards, Body:{}, Params:{}

2020-10-29 17:05:39 - Method: GET, URL: /boards/12345, Body:{}, Params:{"id":"12345"}

2020-10-29 17:05:39 - Method: POST, URL: /boards, Body:{"title":"Autotest board","columns":[{"title":"Backlog","order":1},{"title":"Sprint","order":2}]}, Params:{}

2020-10-29 17:05:39 - Method: PUT, URL: /boards/12345, Body:{"title":"Autotest board","columns":[{"title":"Backlog","order":1},{"title":"Sprint","order":2}]}, Params:{"id":"12345"}

2020-10-29 17:05:39 - Method: DELETE, URL: /boards/12345, Body:{}, Params:{"id":"12345"}

2020-10-29 17:05:39 - Method: POST, URL: /users, Body:{"name":"TEST_USER","login":"test_user","password":"T35t_P@55w0rd"}, Params:{}

2020-10-29 17:05:39 - Method: POST, URL: /boards, Body:{"title":"Autotest board","columns":[{"title":"Backlog","order":1},{"title":"Sprint","order":2}]}, Params:{}

2020-10-29 17:05:39 - Method: DELETE, URL: /users/5f9ab01395448347e87dbd40, Body:{}, Params:{"id":"5f9ab01395448347e87dbd40"}

2020-10-29 17:05:39 - Method: GET, URL: /users, Body:{}, Params:{}

2020-10-29 17:05:39 - Method: GET, URL: /users/123, Body:{}, Params:{"id":"123"}

2020-10-29 17:05:39 - Method: POST, URL: /users, Body:{"name":"TEST_USER","login":"test_user","password":"T35t_P@55w0rd"}, Params:{}

2020-10-29 17:05:39 - Method: POST, URL: /boards/5f9ab01395448347e87dbd41/tasks, Body:{"title":"Task #1","order":1,"description":"Lorem ipsum","boardId":"5f9ab01395448347e87dbd41","userId":null,"columnId":null}, Params:{"boardId":"5f9ab01395448347e87dbd41"}

2020-10-29 17:05:39 - Method: PUT, URL: /users/12345, Body:{"name":"TEST_USER","login":"test_user","password":"T35t_P@55w0rd"}, Params:{"id":"12345"}

2020-10-29 17:05:39 - Method: DELETE, URL: /users/12345, Body:{}, Params:{"id":"12345"}

2020-10-29 17:05:39 - Method: POST, URL: /boards/5f9ab01395448347e87dbd41/tasks, Body:{"title":"Task #2","order":2,"description":"Lorem ipsum","boardId":"5f9ab01395448347e87dbd41","userId":null,"columnId":null}, Params:{"boardId":"5f9ab01395448347e87dbd41"}

2020-10-29 17:05:39 - Method: POST, URL: /boards/5f9ab01395448347e87dbd41/tasks, Body:{"title":"Task #4","order":4,"description":"Lorem ipsum","boardId":"5f9ab01395448347e87dbd41","userId":null,"columnId":null}, Params:{"boardId":"5f9ab01395448347e87dbd41"}

2020-10-29 17:05:39 - Method: POST, URL: /boards/5f9ab01395448347e87dbd41/tasks, Body:{"title":"Task #3","order":3,"description":"Lorem ipsum","boardId":"5f9ab01395448347e87dbd41","userId":null,"columnId":null}, Params:{"boardId":"5f9ab01395448347e87dbd41"}

2020-10-29 17:05:39 - Method: POST, URL: /boards/5f9ab01395448347e87dbd41/tasks, Body:{"title":"Task #5","order":5,"description":"Lorem ipsum","boardId":"5f9ab01395448347e87dbd41","userId":null,"columnId":null}, Params:{"boardId":"5f9ab01395448347e87dbd41"}

2020-10-29 17:05:40 - Method: GET, URL: /boards/5f9ab01395448347e87dbd41/tasks/5f9ab01395448347e87dbd45, Body:{}, Params:{"boardId":"5f9ab01395448347e87dbd41","taskId":"5f9ab01395448347e87dbd45"}

2020-10-29 17:05:40 - Method: GET, URL: /boards/5f9ab01395448347e87dbd41/tasks/5f9ab01395448347e87dbd46, Body:{}, Params:{"boardId":"5f9ab01395448347e87dbd41","taskId":"5f9ab01395448347e87dbd46"}

2020-10-29 17:05:40 - Method: GET, URL: /boards/5f9ab01395448347e87dbd41/tasks/5f9ab01395448347e87dbd44, Body:{}, Params:{"boardId":"5f9ab01395448347e87dbd41","taskId":"5f9ab01395448347e87dbd44"}

2020-10-29 17:05:40 - Method: GET, URL: /boards/5f9ab01395448347e87dbd41/tasks/5f9ab01395448347e87dbd47, Body:{}, Params:{"boardId":"5f9ab01395448347e87dbd41","taskId":"5f9ab01395448347e87dbd47"}

2020-10-29 17:05:40 - Method: GET, URL: /boards/5f9ab01395448347e87dbd41/tasks/5f9ab01395448347e87dbd48, Body:{}, Params:{"boardId":"5f9ab01395448347e87dbd41","taskId":"5f9ab01395448347e87dbd48"}

2020-10-29 17:05:40 - Method: POST, URL: /users, Body:{"name":"TEST_USER","login":"test_user","password":"T35t_P@55w0rd"}, Params:{}

2020-10-29 17:05:40 - Method: GET, URL: /boards/12345/tasks, Body:{}, Params:{"boardId":"12345"}

2020-10-29 17:05:40 - Method: GET, URL: /boards/12345/tasks/12345, Body:{}, Params:{"boardId":"12345","taskId":"12345"}

2020-10-29 17:05:40 - Method: POST, URL: /boards/12345/tasks, Body:{"title":"Autotest task","order":0,"description":"Lorem ipsum","userId":null,"boardId":null,"columnId":null}, Params:{"boardId":"12345"}

2020-10-29 17:05:40 - Method: PUT, URL: /boards/12345/tasks/12345, Body:{"title":"Autotest task","order":0,"description":"Lorem ipsum","userId":null,"boardId":null,"columnId":null}, Params:{"boardId":"12345","taskId":"12345"}

2020-10-29 17:05:40 - Method: DELETE, URL: /boards/12345/tasks/12345, Body:{}, Params:{"boardId":"12345","taskId":"12345"}

2020-10-29 17:05:40 - Method: DELETE, URL: /boards/5f9ab01395448347e87dbd41, Body:{}, Params:{"id":"5f9ab01395448347e87dbd41"}

2020-10-29 17:05:40 - Method: GET - Status: 404 - Error: Task Not Found! - boardId: 5f9ab01395448347e87dbd41 | taskId: 5f9ab01395448347e87dbd44, Url: /boards/5f9ab01395448347e87dbd41/tasks/5f9ab01395448347e87dbd44

2020-10-29 17:05:40 - Method: GET, URL: /boards/5f9ab01395448347e87dbd41/tasks/5f9ab01395448347e87dbd44, Body:{}, Params:{"boardId":"5f9ab01395448347e87dbd41","taskId":"5f9ab01395448347e87dbd44"}

2020-10-29 17:05:40 - Method: GET - Status: 404 - Error: Task Not Found! - boardId: 5f9ab01395448347e87dbd41 | taskId: 5f9ab01395448347e87dbd46, Url: /boards/5f9ab01395448347e87dbd41/tasks/5f9ab01395448347e87dbd46

2020-10-29 17:05:40 - Method: GET, URL: /boards/5f9ab01395448347e87dbd41/tasks/5f9ab01395448347e87dbd46, Body:{}, Params:{"boardId":"5f9ab01395448347e87dbd41","taskId":"5f9ab01395448347e87dbd46"}

2020-10-29 17:05:40 - Method: GET - Status: 404 - Error: Task Not Found! - boardId: 5f9ab01395448347e87dbd41 | taskId: 5f9ab01395448347e87dbd48, Url: /boards/5f9ab01395448347e87dbd41/tasks/5f9ab01395448347e87dbd48

2020-10-29 17:05:40 - Method: GET, URL: /boards/5f9ab01395448347e87dbd41/tasks/5f9ab01395448347e87dbd48, Body:{}, Params:{"boardId":"5f9ab01395448347e87dbd41","taskId":"5f9ab01395448347e87dbd48"}

2020-10-29 17:05:40 - Method: GET - Status: 404 - Error: Task Not Found! - boardId: 5f9ab01395448347e87dbd41 | taskId: 5f9ab01395448347e87dbd47, Url: /boards/5f9ab01395448347e87dbd41/tasks/5f9ab01395448347e87dbd47

2020-10-29 17:05:40 - Method: GET, URL: /boards/5f9ab01395448347e87dbd41/tasks/5f9ab01395448347e87dbd47, Body:{}, Params:{"boardId":"5f9ab01395448347e87dbd41","taskId":"5f9ab01395448347e87dbd47"}

2020-10-29 17:05:40 - Method: GET - Status: 404 - Error: Task Not Found! - boardId: 5f9ab01395448347e87dbd41 | taskId: 5f9ab01395448347e87dbd45, Url: /boards/5f9ab01395448347e87dbd41/tasks/5f9ab01395448347e87dbd45

2020-10-29 17:05:40 - Method: GET, URL: /boards/5f9ab01395448347e87dbd41/tasks/5f9ab01395448347e87dbd45, Body:{}, Params:{"boardId":"5f9ab01395448347e87dbd41","taskId":"5f9ab01395448347e87dbd45"}

2020-10-29 17:05:40 - Method: POST, URL: /boards, Body:{"title":"Autotest board","columns":[{"title":"Backlog","order":1},{"title":"Sprint","order":2}]}, Params:{}

2020-10-29 17:05:40 - Method: POST, URL: /boards/5f9ab01495448347e87dbd4a/tasks, Body:{"title":"Task #1","order":1,"description":"Lorem ipsum","userId":"5f9ab01395448347e87dbd49","boardId":"5f9ab01495448347e87dbd4a"}, Params:{"boardId":"5f9ab01495448347e87dbd4a"}

2020-10-29 17:05:40 - Method: POST, URL: /boards/5f9ab01495448347e87dbd4a/tasks, Body:{"title":"Task #2","order":2,"description":"Lorem ipsum","userId":"5f9ab01395448347e87dbd49","boardId":"5f9ab01495448347e87dbd4a"}, Params:{"boardId":"5f9ab01495448347e87dbd4a"}

2020-10-29 17:05:40 - Method: DELETE, URL: /boards/5f9ab01195448347e87dbd2c, Body:{}, Params:{"id":"5f9ab01195448347e87dbd2c"}

2020-10-29 17:05:40 - Method: DELETE, URL: /users/5f9ab01395448347e87dbd49, Body:{}, Params:{"id":"5f9ab01395448347e87dbd49"}

2020-10-29 17:05:40 - Method: GET, URL: /boards/5f9ab01495448347e87dbd4a/tasks/5f9ab01495448347e87dbd4d, Body:{}, Params:{"boardId":"5f9ab01495448347e87dbd4a","taskId":"5f9ab01495448347e87dbd4d"}

2020-10-29 17:05:40 - Method: GET, URL: /boards/5f9ab01495448347e87dbd4a/tasks/5f9ab01495448347e87dbd4e, Body:{}, Params:{"boardId":"5f9ab01495448347e87dbd4a","taskId":"5f9ab01495448347e87dbd4e"}

2020-10-29 17:05:40 - Method: DELETE, URL: /boards/5f9ab01495448347e87dbd4a/tasks/5f9ab01495448347e87dbd4e, Body:{}, Params:{"boardId":"5f9ab01495448347e87dbd4a","taskId":"5f9ab01495448347e87dbd4e"}

2020-10-29 17:05:40 - Method: DELETE, URL: /boards/5f9ab01495448347e87dbd4a/tasks/5f9ab01495448347e87dbd4d, Body:{}, Params:{"boardId":"5f9ab01495448347e87dbd4a","taskId":"5f9ab01495448347e87dbd4d"}

2020-10-29 17:05:41 - Method: DELETE, URL: /boards/5f9ab01495448347e87dbd4a, Body:{}, Params:{"id":"5f9ab01495448347e87dbd4a"}

